<?xml version="1.0" encoding="UTF-8"?>
<!-- Generated by org.testng.reporters.JUnitReportReporter -->
<testsuite hostname="LAPTOP-A5D09V8S" failures="0" tests="1" name="seleniumpractices.TestNGAnnotations" time="0.018" errors="0" timestamp="2024-11-28T13:34:28 IST" skipped="0">
  <testcase classname="seleniumpractices.TestNGAnnotations" name="verifyValidLogin" time="0.018"/>
</testsuite> <!-- seleniumpractices.TestNGAnnotations -->
