<?xml version="1.0" encoding="UTF-8"?>
<!-- Generated by org.testng.reporters.JUnitReportReporter -->
<testsuite hostname="LAPTOP-A5D09V8S" failures="0" tests="1" name="seleniumpractices.TestNgHardAssert" time="5.625" errors="0" timestamp="2024-11-28T16:35:51 IST" skipped="0">
  <testcase classname="seleniumpractices.TestNgHardAssert" name="VerifyValidLogin" time="5.625"/>
</testsuite> <!-- seleniumpractices.TestNgHardAssert -->
