<?xml version="1.0" encoding="UTF-8"?>
<!-- Generated by org.testng.reporters.JUnitReportReporter -->
<testsuite hostname="LAPTOP-A5D09V8S" failures="0" tests="1" name="seleniumpractices.TestNgAssertion" time="7.620" errors="0" timestamp="2024-11-28T15:41:00 IST" skipped="0">
  <testcase classname="seleniumpractices.TestNgAssertion" name="verifyValidLogin" time="7.620"/>
</testsuite> <!-- seleniumpractices.TestNgAssertion -->
