<?xml version="1.0" encoding="UTF-8"?>
<!-- Generated by org.testng.reporters.JUnitReportReporter -->
<testsuite hostname="LAPTOP-A5D09V8S" failures="0" tests="3" name="seleniumpractices.TestCasePriority" time="22.105" errors="0" timestamp="2024-11-29T14:17:49 IST" skipped="0">
  <testcase classname="seleniumpractices.TestCasePriority" name="c" time="9.927"/>
  <testcase classname="seleniumpractices.TestCasePriority" name="z" time="5.320"/>
  <testcase classname="seleniumpractices.TestCasePriority" name="B" time="6.858"/>
</testsuite> <!-- seleniumpractices.TestCasePriority -->
