<?xml version="1.0" encoding="UTF-8"?>
<!-- Generated by org.testng.reporters.JUnitReportReporter -->
<testsuite hostname="LAPTOP-A5D09V8S" failures="0" tests="1" name="seleniumpractices.TestGropusInTestNg" time="5.081" errors="0" timestamp="2024-11-29T16:18:04 IST" skipped="0">
  <testcase classname="seleniumpractices.TestGropusInTestNg" name="Z" time="5.081"/>
</testsuite> <!-- seleniumpractices.TestGropusInTestNg -->
